{"name":"To be able to verify login of TM user level","id":"verify-that-different-browser-login-for-timewarp;to-be-able-to-verify-login-of-tm-user-level","testSteps":[{"number":1,"description":"Given User access the Time Warp Login page","duration":180416,"startTime":"2021-01-22T17:07:32.439+05:30[Asia/Calcutta]","result":"SUCCESS","precondition":false,"level":0,"children":[{"number":2,"description":"Open the Time Warp login page","duration":180170,"startTime":"2021-01-22T17:07:32.673+05:30[Asia/Calcutta]","result":"SUCCESS","precondition":false,"level":1}]},{"number":3,"description":"When A team mate user logs in","duration":41270,"startTime":"2021-01-22T17:10:32.856+05:30[Asia/Calcutta]","exception":{"errorType":"net.thucydides.core.webdriver.exceptions.ElementShouldBeEnabledException","message":"Expected enabled element was not enabled\nBuild info: version: \u00273.141.59\u0027, revision: \u0027e82be7d358\u0027, time: \u00272018-11-14T08:17:03\u0027\nSystem info: host: \u0027RGZWA43061\u0027, ip: \u0027192.168.0.7\u0027, os.name: \u0027Windows 10\u0027, os.arch: \u0027amd64\u0027, os.version: \u002710.0\u0027, java.version: \u00271.8.0_232\u0027\nDriver info: driver.version: unknown","stackTrace":[{"declaringClass":"pageobjects.TWLoginPage","methodName":"EnterEmailAddress","fileName":"TWLoginPage.java","lineNumber":63},{"declaringClass":"steps.StepsLogin","methodName":"UserLogsIn","fileName":"StepsLogin.java","lineNumber":82},{"declaringClass":"stepdefinitions.StepDefinitionsLogin","methodName":"aTeamMateUserLogsIn","fileName":"StepDefinitionsLogin.java","lineNumber":64},{"declaringClass":"âœ½","methodName":"A team mate user logs in","fileName":"src/test/resources/features/timewarp_activity_page/01_different_browser_login.feature","lineNumber":7}]},"result":"FAILURE","precondition":false,"level":0,"children":[{"number":4,"description":"User logs in: TM","duration":441,"startTime":"2021-01-22T17:11:13.670+05:30[Asia/Calcutta]","screenshots":[{"screenshot":"8161449d97b01d737cf4c705d4a83a05f9bdb70109e6744caea2d68ee0f7b65a.png","htmlSource":"pagesource5269517151204397668.html.txt","timeStamp":1611315674101}],"exception":{"errorType":"net.thucydides.core.webdriver.exceptions.ElementShouldBeEnabledException","message":"Expected enabled element was not enabled","stackTrace":[{"declaringClass":"pageobjects.TWLoginPage","methodName":"EnterEmailAddress","fileName":"TWLoginPage.java","lineNumber":63},{"declaringClass":"steps.StepsLogin","methodName":"UserLogsIn","fileName":"StepsLogin.java","lineNumber":82},{"declaringClass":"stepdefinitions.StepDefinitionsLogin","methodName":"aTeamMateUserLogsIn","fileName":"StepDefinitionsLogin.java","lineNumber":64},{"declaringClass":"cucumber.runner.PickleStepDefinitionMatch","methodName":"runStep","fileName":"PickleStepDefinitionMatch.java","lineNumber":50},{"declaringClass":"cucumber.runner.TestStep","methodName":"executeStep","fileName":"TestStep.java","lineNumber":63},{"declaringClass":"cucumber.runner.TestStep","methodName":"run","fileName":"TestStep.java","lineNumber":49},{"declaringClass":"cucumber.runner.PickleStepTestStep","methodName":"run","fileName":"PickleStepTestStep.java","lineNumber":43},{"declaringClass":"cucumber.runner.TestCase","methodName":"run","fileName":"TestCase.java","lineNumber":44},{"declaringClass":"cucumber.runner.Runner","methodName":"runPickle","fileName":"Runner.java","lineNumber":40}],"rootCause":{"errorType":"org.openqa.selenium.TimeoutException","message":"Expected condition failed: waiting for TWLoginPage.clickEmailAddressButton to be enabled (tried for 25 second(s) with 100 milliseconds interval)","stackTrace":[{"declaringClass":"pageobjects.TWLoginPage","methodName":"EnterEmailAddress","fileName":"TWLoginPage.java","lineNumber":63},{"declaringClass":"steps.StepsLogin","methodName":"UserLogsIn","fileName":"StepsLogin.java","lineNumber":82},{"declaringClass":"stepdefinitions.StepDefinitionsLogin","methodName":"aTeamMateUserLogsIn","fileName":"StepDefinitionsLogin.java","lineNumber":64},{"declaringClass":"cucumber.runner.PickleStepDefinitionMatch","methodName":"runStep","fileName":"PickleStepDefinitionMatch.java","lineNumber":50},{"declaringClass":"cucumber.runner.TestStep","methodName":"executeStep","fileName":"TestStep.java","lineNumber":63},{"declaringClass":"cucumber.runner.TestStep","methodName":"run","fileName":"TestStep.java","lineNumber":49},{"declaringClass":"cucumber.runner.PickleStepTestStep","methodName":"run","fileName":"PickleStepTestStep.java","lineNumber":43},{"declaringClass":"cucumber.runner.TestCase","methodName":"run","fileName":"TestCase.java","lineNumber":44},{"declaringClass":"cucumber.runner.Runner","methodName":"runPickle","fileName":"Runner.java","lineNumber":40}],"rootCause":{"errorType":"org.openqa.selenium.NoSuchElementException","message":"Timed out after 10 seconds. Element not found\nFor documentation on this error, please visit: https://www.seleniumhq.org/exceptions/no_such_element.html\nBuild info: version: \u00273.141.59\u0027, revision: \u0027e82be7d358\u0027, time: \u00272018-11-14T08:17:03\u0027\nSystem info: host: \u0027RGZWA43061\u0027, ip: \u0027192.168.0.7\u0027, os.name: \u0027Windows 10\u0027, os.arch: \u0027amd64\u0027, os.version: \u002710.0\u0027, java.version: \u00271.8.0_232\u0027\nDriver info: driver.version: unknown","stackTrace":[{"declaringClass":"pageobjects.TWLoginPage","methodName":"EnterEmailAddress","fileName":"TWLoginPage.java","lineNumber":63},{"declaringClass":"steps.StepsLogin","methodName":"UserLogsIn","fileName":"StepsLogin.java","lineNumber":82},{"declaringClass":"stepdefinitions.StepDefinitionsLogin","methodName":"aTeamMateUserLogsIn","fileName":"StepDefinitionsLogin.java","lineNumber":64},{"declaringClass":"cucumber.runner.PickleStepDefinitionMatch","methodName":"runStep","fileName":"PickleStepDefinitionMatch.java","lineNumber":50},{"declaringClass":"cucumber.runner.TestStep","methodName":"executeStep","fileName":"TestStep.java","lineNumber":63},{"declaringClass":"cucumber.runner.TestStep","methodName":"run","fileName":"TestStep.java","lineNumber":49},{"declaringClass":"cucumber.runner.PickleStepTestStep","methodName":"run","fileName":"PickleStepTestStep.java","lineNumber":43},{"declaringClass":"cucumber.runner.TestCase","methodName":"run","fileName":"TestCase.java","lineNumber":44},{"declaringClass":"cucumber.runner.Runner","methodName":"runPickle","fileName":"Runner.java","lineNumber":40}]}}},"result":"FAILURE","precondition":false,"level":1}]},{"number":5,"description":"Then User lands on the Home page","duration":2,"startTime":"2021-01-22T17:11:14.127+05:30[Asia/Calcutta]","result":"SKIPPED","precondition":false,"level":0}],"userStory":{"id":"verify-that-different-browser-login-for-timewarp","storyName":"Verify that different browser login for TimeWarp","path":"src/test/resources/features/timewarp_activity_page/01_different_browser_login.feature","type":"feature"},"featureTag":{"name":"Timewarp activity page/Verify that different browser login for TimeWarp","type":"feature","displayName":"Timewarp activity page/Verify that different browser login for TimeWarp"},"title":"To be able to verify login of TM user level","tags":[{"name":"Regression","type":"tag","displayName":"Regression"},{"name":"QA_01_TW","type":"tag","displayName":"QA_01_TW"},{"name":"TWlogin","type":"function","displayName":"TWlogin"},{"name":"Element should be enabled exception","type":"error","displayName":"Element should be enabled exception"}],"startTime":"2021-01-22T17:07:32.423+05:30[Asia/Calcutta]","duration":221713,"testFailureCause":{"errorType":"net.thucydides.core.webdriver.exceptions.ElementShouldBeEnabledException","message":"Expected enabled element was not enabled","stackTrace":[{"declaringClass":"pageobjects.TWLoginPage","methodName":"EnterEmailAddress","fileName":"TWLoginPage.java","lineNumber":63},{"declaringClass":"steps.StepsLogin","methodName":"UserLogsIn","fileName":"StepsLogin.java","lineNumber":82},{"declaringClass":"stepdefinitions.StepDefinitionsLogin","methodName":"aTeamMateUserLogsIn","fileName":"StepDefinitionsLogin.java","lineNumber":64},{"declaringClass":"cucumber.runner.PickleStepDefinitionMatch","methodName":"runStep","fileName":"PickleStepDefinitionMatch.java","lineNumber":50},{"declaringClass":"cucumber.runner.TestStep","methodName":"executeStep","fileName":"TestStep.java","lineNumber":63},{"declaringClass":"cucumber.runner.TestStep","methodName":"run","fileName":"TestStep.java","lineNumber":49},{"declaringClass":"cucumber.runner.PickleStepTestStep","methodName":"run","fileName":"PickleStepTestStep.java","lineNumber":43},{"declaringClass":"cucumber.runner.TestCase","methodName":"run","fileName":"TestCase.java","lineNumber":44},{"declaringClass":"cucumber.runner.Runner","methodName":"runPickle","fileName":"Runner.java","lineNumber":40}],"rootCause":{"errorType":"org.openqa.selenium.TimeoutException","message":"Expected condition failed: waiting for TWLoginPage.clickEmailAddressButton to be enabled (tried for 25 second(s) with 100 milliseconds interval)","stackTrace":[{"declaringClass":"pageobjects.TWLoginPage","methodName":"EnterEmailAddress","fileName":"TWLoginPage.java","lineNumber":63},{"declaringClass":"steps.StepsLogin","methodName":"UserLogsIn","fileName":"StepsLogin.java","lineNumber":82},{"declaringClass":"stepdefinitions.StepDefinitionsLogin","methodName":"aTeamMateUserLogsIn","fileName":"StepDefinitionsLogin.java","lineNumber":64},{"declaringClass":"cucumber.runner.PickleStepDefinitionMatch","methodName":"runStep","fileName":"PickleStepDefinitionMatch.java","lineNumber":50},{"declaringClass":"cucumber.runner.TestStep","methodName":"executeStep","fileName":"TestStep.java","lineNumber":63},{"declaringClass":"cucumber.runner.TestStep","methodName":"run","fileName":"TestStep.java","lineNumber":49},{"declaringClass":"cucumber.runner.PickleStepTestStep","methodName":"run","fileName":"PickleStepTestStep.java","lineNumber":43},{"declaringClass":"cucumber.runner.TestCase","methodName":"run","fileName":"TestCase.java","lineNumber":44},{"declaringClass":"cucumber.runner.Runner","methodName":"runPickle","fileName":"Runner.java","lineNumber":40}],"rootCause":{"errorType":"org.openqa.selenium.NoSuchElementException","message":"Timed out after 10 seconds. Element not found\nFor documentation on this error, please visit: https://www.seleniumhq.org/exceptions/no_such_element.html\nBuild info: version: \u00273.141.59\u0027, revision: \u0027e82be7d358\u0027, time: \u00272018-11-14T08:17:03\u0027\nSystem info: host: \u0027RGZWA43061\u0027, ip: \u0027192.168.0.7\u0027, os.name: \u0027Windows 10\u0027, os.arch: \u0027amd64\u0027, os.version: \u002710.0\u0027, java.version: \u00271.8.0_232\u0027\nDriver info: driver.version: unknown","stackTrace":[{"declaringClass":"pageobjects.TWLoginPage","methodName":"EnterEmailAddress","fileName":"TWLoginPage.java","lineNumber":63},{"declaringClass":"steps.StepsLogin","methodName":"UserLogsIn","fileName":"StepsLogin.java","lineNumber":82},{"declaringClass":"stepdefinitions.StepDefinitionsLogin","methodName":"aTeamMateUserLogsIn","fileName":"StepDefinitionsLogin.java","lineNumber":64},{"declaringClass":"cucumber.runner.PickleStepDefinitionMatch","methodName":"runStep","fileName":"PickleStepDefinitionMatch.java","lineNumber":50},{"declaringClass":"cucumber.runner.TestStep","methodName":"executeStep","fileName":"TestStep.java","lineNumber":63},{"declaringClass":"cucumber.runner.TestStep","methodName":"run","fileName":"TestStep.java","lineNumber":49},{"declaringClass":"cucumber.runner.PickleStepTestStep","methodName":"run","fileName":"PickleStepTestStep.java","lineNumber":43},{"declaringClass":"cucumber.runner.TestCase","methodName":"run","fileName":"TestCase.java","lineNumber":44},{"declaringClass":"cucumber.runner.Runner","methodName":"runPickle","fileName":"Runner.java","lineNumber":40}]}}},"testFailureClassname":"net.thucydides.core.webdriver.exceptions.ElementShouldBeEnabledException","testFailureMessage":"Expected enabled element was not enabled","testFailureSummary":"FAILURE;net.thucydides.core.webdriver.exceptions.ElementShouldBeEnabledException;Expected enabled element was not enabled;TWLoginPage.java","projectKey":"","annotatedResult":"FAILURE","sessionId":"fb2d8922261c3c107b5c9061d363464d","driver":"chrome","isManualTestingUpToDate":false,"manual":false,"testSource":"Cucumber","result":"FAILURE"}